[INFO] [2018-01-24 20:58:58][org.springframework.test.context.support.DefaultTestContextBootstrapper]Loaded default TestExecutionListener class names from location [META-INF/spring.factories]: [org.springframework.test.context.web.ServletTestExecutionListener, org.springframework.test.context.support.DependencyInjectionTestExecutionListener, org.springframework.test.context.support.DirtiesContextTestExecutionListener, org.springframework.test.context.transaction.TransactionalTestExecutionListener, org.springframework.test.context.jdbc.SqlScriptsTestExecutionListener]
[INFO] [2018-01-24 20:58:58][org.springframework.test.context.support.DefaultTestContextBootstrapper]Using TestExecutionListeners: [org.springframework.test.context.web.ServletTestExecutionListener@23ceabc1, org.springframework.test.context.support.DependencyInjectionTestExecutionListener@5d5eef3d, org.springframework.test.context.support.DirtiesContextTestExecutionListener@56f4468b, org.springframework.test.context.transaction.TransactionalTestExecutionListener@6cc4c815, org.springframework.test.context.jdbc.SqlScriptsTestExecutionListener@3a82f6ef]
[INFO] [2018-01-24 20:58:58][org.springframework.beans.factory.xml.XmlBeanDefinitionReader]Loading XML bean definitions from class path resource [spring/spring-mybatis.xml]
[INFO] [2018-01-24 20:58:59][org.springframework.context.support.GenericApplicationContext]Refreshing org.springframework.context.support.GenericApplicationContext@e25b2fe: startup date [Wed Jan 24 20:58:59 CST 2018]; root of context hierarchy
[INFO] [2018-01-24 20:59:04][org.springframework.beans.factory.config.PropertyPlaceholderConfigurer]Loading properties file from class path resource [jdbc.properties]
[INFO] [2018-01-24 20:59:04][org.springframework.beans.factory.config.PropertyPlaceholderConfigurer]Loading properties file from class path resource [dubbo.properties]
[INFO] [2018-01-24 20:59:04][org.springframework.beans.factory.annotation.AutowiredAnnotationBeanPostProcessor]JSR-330 'javax.inject.Inject' annotation found and supported for autowiring
[ERROR] [2018-01-24 20:59:06][com.alibaba.druid.pool.DruidAbstractDataSource]maxIdle is deprecated
[INFO] [2018-01-24 20:59:13][com.alibaba.druid.pool.DruidDataSource]{dataSource-1} inited
[INFO] [2018-01-24 20:59:14][org.springframework.context.support.GenericApplicationContext]Closing org.springframework.context.support.GenericApplicationContext@e25b2fe: startup date [Wed Jan 24 20:58:59 CST 2018]; root of context hierarchy
[INFO] [2018-01-24 20:59:14][com.alibaba.druid.pool.DruidDataSource]{dataSource-1} closed
[INFO] [2018-01-25 11:13:14][org.springframework.test.context.support.DefaultTestContextBootstrapper]Loaded default TestExecutionListener class names from location [META-INF/spring.factories]: [org.springframework.test.context.web.ServletTestExecutionListener, org.springframework.test.context.support.DependencyInjectionTestExecutionListener, org.springframework.test.context.support.DirtiesContextTestExecutionListener, org.springframework.test.context.transaction.TransactionalTestExecutionListener, org.springframework.test.context.jdbc.SqlScriptsTestExecutionListener]
[INFO] [2018-01-25 11:13:14][org.springframework.test.context.support.DefaultTestContextBootstrapper]Using TestExecutionListeners: [org.springframework.test.context.web.ServletTestExecutionListener@53b32d7, org.springframework.test.context.support.DependencyInjectionTestExecutionListener@5442a311, org.springframework.test.context.support.DirtiesContextTestExecutionListener@548e7350, org.springframework.test.context.transaction.TransactionalTestExecutionListener@1a968a59, org.springframework.test.context.jdbc.SqlScriptsTestExecutionListener@4667ae56]
[INFO] [2018-01-25 11:13:14][org.springframework.beans.factory.xml.XmlBeanDefinitionReader]Loading XML bean definitions from class path resource [spring/spring-mybatis.xml]
[INFO] [2018-01-25 11:13:14][org.springframework.context.support.GenericApplicationContext]Refreshing org.springframework.context.support.GenericApplicationContext@544fe44c: startup date [Thu Jan 25 11:13:14 CST 2018]; root of context hierarchy
[INFO] [2018-01-25 11:13:14][org.springframework.beans.factory.config.PropertyPlaceholderConfigurer]Loading properties file from class path resource [jdbc.properties]
[INFO] [2018-01-25 11:13:14][org.springframework.beans.factory.config.PropertyPlaceholderConfigurer]Loading properties file from class path resource [dubbo.properties]
[INFO] [2018-01-25 11:13:14][org.springframework.beans.factory.annotation.AutowiredAnnotationBeanPostProcessor]JSR-330 'javax.inject.Inject' annotation found and supported for autowiring
[ERROR] [2018-01-25 11:13:14][com.alibaba.druid.pool.DruidAbstractDataSource]maxIdle is deprecated
[INFO] [2018-01-25 11:13:15][com.alibaba.druid.pool.DruidDataSource]{dataSource-1} inited
[INFO] [2018-01-25 11:13:15][org.springframework.context.support.GenericApplicationContext]Closing org.springframework.context.support.GenericApplicationContext@544fe44c: startup date [Thu Jan 25 11:13:14 CST 2018]; root of context hierarchy
[INFO] [2018-01-25 11:13:15][com.alibaba.druid.pool.DruidDataSource]{dataSource-1} closed
[INFO] [2018-01-25 11:14:18][org.springframework.test.context.support.DefaultTestContextBootstrapper]Loaded default TestExecutionListener class names from location [META-INF/spring.factories]: [org.springframework.test.context.web.ServletTestExecutionListener, org.springframework.test.context.support.DependencyInjectionTestExecutionListener, org.springframework.test.context.support.DirtiesContextTestExecutionListener, org.springframework.test.context.transaction.TransactionalTestExecutionListener, org.springframework.test.context.jdbc.SqlScriptsTestExecutionListener]
[INFO] [2018-01-25 11:14:18][org.springframework.test.context.support.DefaultTestContextBootstrapper]Using TestExecutionListeners: [org.springframework.test.context.web.ServletTestExecutionListener@53b32d7, org.springframework.test.context.support.DependencyInjectionTestExecutionListener@5442a311, org.springframework.test.context.support.DirtiesContextTestExecutionListener@548e7350, org.springframework.test.context.transaction.TransactionalTestExecutionListener@1a968a59, org.springframework.test.context.jdbc.SqlScriptsTestExecutionListener@4667ae56]
[INFO] [2018-01-25 11:14:18][org.springframework.beans.factory.xml.XmlBeanDefinitionReader]Loading XML bean definitions from class path resource [spring/spring-mybatis.xml]
[INFO] [2018-01-25 11:14:18][org.springframework.context.support.GenericApplicationContext]Refreshing org.springframework.context.support.GenericApplicationContext@544fe44c: startup date [Thu Jan 25 11:14:18 CST 2018]; root of context hierarchy
[INFO] [2018-01-25 11:14:18][org.springframework.beans.factory.config.PropertyPlaceholderConfigurer]Loading properties file from class path resource [jdbc.properties]
[INFO] [2018-01-25 11:14:18][org.springframework.beans.factory.config.PropertyPlaceholderConfigurer]Loading properties file from class path resource [dubbo.properties]
[INFO] [2018-01-25 11:14:18][org.springframework.beans.factory.annotation.AutowiredAnnotationBeanPostProcessor]JSR-330 'javax.inject.Inject' annotation found and supported for autowiring
[ERROR] [2018-01-25 11:14:19][com.alibaba.druid.pool.DruidAbstractDataSource]maxIdle is deprecated
[INFO] [2018-01-25 11:14:19][com.alibaba.druid.pool.DruidDataSource]{dataSource-1} inited
[INFO] [2018-01-25 11:14:22][org.springframework.context.support.GenericApplicationContext]Closing org.springframework.context.support.GenericApplicationContext@544fe44c: startup date [Thu Jan 25 11:14:18 CST 2018]; root of context hierarchy
[INFO] [2018-01-25 11:14:22][com.alibaba.druid.pool.DruidDataSource]{dataSource-1} closed
[INFO] [2018-01-25 11:16:31][org.springframework.test.context.support.DefaultTestContextBootstrapper]Loaded default TestExecutionListener class names from location [META-INF/spring.factories]: [org.springframework.test.context.web.ServletTestExecutionListener, org.springframework.test.context.support.DependencyInjectionTestExecutionListener, org.springframework.test.context.support.DirtiesContextTestExecutionListener, org.springframework.test.context.transaction.TransactionalTestExecutionListener, org.springframework.test.context.jdbc.SqlScriptsTestExecutionListener]
[INFO] [2018-01-25 11:16:31][org.springframework.test.context.support.DefaultTestContextBootstrapper]Using TestExecutionListeners: [org.springframework.test.context.web.ServletTestExecutionListener@53b32d7, org.springframework.test.context.support.DependencyInjectionTestExecutionListener@5442a311, org.springframework.test.context.support.DirtiesContextTestExecutionListener@548e7350, org.springframework.test.context.transaction.TransactionalTestExecutionListener@1a968a59, org.springframework.test.context.jdbc.SqlScriptsTestExecutionListener@4667ae56]
[INFO] [2018-01-25 11:16:31][org.springframework.beans.factory.xml.XmlBeanDefinitionReader]Loading XML bean definitions from class path resource [spring/spring-mybatis.xml]
[INFO] [2018-01-25 11:16:31][org.springframework.context.support.GenericApplicationContext]Refreshing org.springframework.context.support.GenericApplicationContext@544fe44c: startup date [Thu Jan 25 11:16:31 CST 2018]; root of context hierarchy
[INFO] [2018-01-25 11:16:31][org.springframework.beans.factory.config.PropertyPlaceholderConfigurer]Loading properties file from class path resource [jdbc.properties]
[INFO] [2018-01-25 11:16:31][org.springframework.beans.factory.config.PropertyPlaceholderConfigurer]Loading properties file from class path resource [dubbo.properties]
[INFO] [2018-01-25 11:16:31][org.springframework.beans.factory.annotation.AutowiredAnnotationBeanPostProcessor]JSR-330 'javax.inject.Inject' annotation found and supported for autowiring
[ERROR] [2018-01-25 11:16:31][com.alibaba.druid.pool.DruidAbstractDataSource]maxIdle is deprecated
[INFO] [2018-01-25 11:16:32][com.alibaba.druid.pool.DruidDataSource]{dataSource-1} inited
[INFO] [2018-01-25 11:16:33][org.springframework.context.support.GenericApplicationContext]Closing org.springframework.context.support.GenericApplicationContext@544fe44c: startup date [Thu Jan 25 11:16:31 CST 2018]; root of context hierarchy
[INFO] [2018-01-25 11:16:33][com.alibaba.druid.pool.DruidDataSource]{dataSource-1} closed
[INFO] [2018-01-25 11:19:29][org.springframework.test.context.support.DefaultTestContextBootstrapper]Loaded default TestExecutionListener class names from location [META-INF/spring.factories]: [org.springframework.test.context.web.ServletTestExecutionListener, org.springframework.test.context.support.DependencyInjectionTestExecutionListener, org.springframework.test.context.support.DirtiesContextTestExecutionListener, org.springframework.test.context.transaction.TransactionalTestExecutionListener, org.springframework.test.context.jdbc.SqlScriptsTestExecutionListener]
[INFO] [2018-01-25 11:19:29][org.springframework.test.context.support.DefaultTestContextBootstrapper]Using TestExecutionListeners: [org.springframework.test.context.web.ServletTestExecutionListener@53b32d7, org.springframework.test.context.support.DependencyInjectionTestExecutionListener@5442a311, org.springframework.test.context.support.DirtiesContextTestExecutionListener@548e7350, org.springframework.test.context.transaction.TransactionalTestExecutionListener@1a968a59, org.springframework.test.context.jdbc.SqlScriptsTestExecutionListener@4667ae56]
[INFO] [2018-01-25 11:19:29][org.springframework.beans.factory.xml.XmlBeanDefinitionReader]Loading XML bean definitions from class path resource [spring/spring-mybatis.xml]
[INFO] [2018-01-25 11:19:29][org.springframework.context.support.GenericApplicationContext]Refreshing org.springframework.context.support.GenericApplicationContext@544fe44c: startup date [Thu Jan 25 11:19:29 CST 2018]; root of context hierarchy
[INFO] [2018-01-25 11:19:29][org.springframework.beans.factory.config.PropertyPlaceholderConfigurer]Loading properties file from class path resource [jdbc.properties]
[INFO] [2018-01-25 11:19:29][org.springframework.beans.factory.config.PropertyPlaceholderConfigurer]Loading properties file from class path resource [dubbo.properties]
[INFO] [2018-01-25 11:19:29][org.springframework.beans.factory.annotation.AutowiredAnnotationBeanPostProcessor]JSR-330 'javax.inject.Inject' annotation found and supported for autowiring
[ERROR] [2018-01-25 11:19:29][com.alibaba.druid.pool.DruidAbstractDataSource]maxIdle is deprecated
[INFO] [2018-01-25 11:19:30][com.alibaba.druid.pool.DruidDataSource]{dataSource-1} inited
[INFO] [2018-01-25 11:19:32][org.springframework.context.support.GenericApplicationContext]Closing org.springframework.context.support.GenericApplicationContext@544fe44c: startup date [Thu Jan 25 11:19:29 CST 2018]; root of context hierarchy
[INFO] [2018-01-25 11:19:32][com.alibaba.druid.pool.DruidDataSource]{dataSource-1} closed
[INFO] [2018-01-25 11:21:22][org.springframework.test.context.support.DefaultTestContextBootstrapper]Loaded default TestExecutionListener class names from location [META-INF/spring.factories]: [org.springframework.test.context.web.ServletTestExecutionListener, org.springframework.test.context.support.DependencyInjectionTestExecutionListener, org.springframework.test.context.support.DirtiesContextTestExecutionListener, org.springframework.test.context.transaction.TransactionalTestExecutionListener, org.springframework.test.context.jdbc.SqlScriptsTestExecutionListener]
[INFO] [2018-01-25 11:21:22][org.springframework.test.context.support.DefaultTestContextBootstrapper]Using TestExecutionListeners: [org.springframework.test.context.web.ServletTestExecutionListener@53b32d7, org.springframework.test.context.support.DependencyInjectionTestExecutionListener@5442a311, org.springframework.test.context.support.DirtiesContextTestExecutionListener@548e7350, org.springframework.test.context.transaction.TransactionalTestExecutionListener@1a968a59, org.springframework.test.context.jdbc.SqlScriptsTestExecutionListener@4667ae56]
[INFO] [2018-01-25 11:21:22][org.springframework.beans.factory.xml.XmlBeanDefinitionReader]Loading XML bean definitions from class path resource [spring/spring-mybatis.xml]
[INFO] [2018-01-25 11:21:23][org.springframework.context.support.GenericApplicationContext]Refreshing org.springframework.context.support.GenericApplicationContext@544fe44c: startup date [Thu Jan 25 11:21:23 CST 2018]; root of context hierarchy
[INFO] [2018-01-25 11:21:23][org.springframework.beans.factory.config.PropertyPlaceholderConfigurer]Loading properties file from class path resource [jdbc.properties]
[INFO] [2018-01-25 11:21:23][org.springframework.beans.factory.config.PropertyPlaceholderConfigurer]Loading properties file from class path resource [dubbo.properties]
[INFO] [2018-01-25 11:21:23][org.springframework.beans.factory.annotation.AutowiredAnnotationBeanPostProcessor]JSR-330 'javax.inject.Inject' annotation found and supported for autowiring
[ERROR] [2018-01-25 11:21:23][com.alibaba.druid.pool.DruidAbstractDataSource]maxIdle is deprecated
[INFO] [2018-01-25 11:21:23][com.alibaba.druid.pool.DruidDataSource]{dataSource-1} inited
[INFO] [2018-01-25 11:21:24][org.springframework.context.support.GenericApplicationContext]Closing org.springframework.context.support.GenericApplicationContext@544fe44c: startup date [Thu Jan 25 11:21:23 CST 2018]; root of context hierarchy
[INFO] [2018-01-25 11:21:24][com.alibaba.druid.pool.DruidDataSource]{dataSource-1} closed
[INFO] [2018-01-25 11:40:28][org.springframework.test.context.support.DefaultTestContextBootstrapper]Loaded default TestExecutionListener class names from location [META-INF/spring.factories]: [org.springframework.test.context.web.ServletTestExecutionListener, org.springframework.test.context.support.DependencyInjectionTestExecutionListener, org.springframework.test.context.support.DirtiesContextTestExecutionListener, org.springframework.test.context.transaction.TransactionalTestExecutionListener, org.springframework.test.context.jdbc.SqlScriptsTestExecutionListener]
[INFO] [2018-01-25 11:40:28][org.springframework.test.context.support.DefaultTestContextBootstrapper]Using TestExecutionListeners: [org.springframework.test.context.web.ServletTestExecutionListener@53b32d7, org.springframework.test.context.support.DependencyInjectionTestExecutionListener@5442a311, org.springframework.test.context.support.DirtiesContextTestExecutionListener@548e7350, org.springframework.test.context.transaction.TransactionalTestExecutionListener@1a968a59, org.springframework.test.context.jdbc.SqlScriptsTestExecutionListener@4667ae56]
[INFO] [2018-01-25 11:40:28][org.springframework.beans.factory.xml.XmlBeanDefinitionReader]Loading XML bean definitions from class path resource [spring/spring-mybatis.xml]
[INFO] [2018-01-25 11:40:30][org.springframework.context.support.GenericApplicationContext]Refreshing org.springframework.context.support.GenericApplicationContext@544fe44c: startup date [Thu Jan 25 11:40:30 CST 2018]; root of context hierarchy
[INFO] [2018-01-25 11:40:30][org.springframework.beans.factory.config.PropertyPlaceholderConfigurer]Loading properties file from class path resource [jdbc.properties]
[INFO] [2018-01-25 11:40:30][org.springframework.beans.factory.config.PropertyPlaceholderConfigurer]Loading properties file from class path resource [dubbo.properties]
[INFO] [2018-01-25 11:40:30][org.springframework.beans.factory.annotation.AutowiredAnnotationBeanPostProcessor]JSR-330 'javax.inject.Inject' annotation found and supported for autowiring
[ERROR] [2018-01-25 11:40:30][com.alibaba.druid.pool.DruidAbstractDataSource]maxIdle is deprecated
[INFO] [2018-01-25 11:40:31][com.alibaba.druid.pool.DruidDataSource]{dataSource-1} inited
[INFO] [2018-01-25 11:40:32][org.springframework.context.support.GenericApplicationContext]Closing org.springframework.context.support.GenericApplicationContext@544fe44c: startup date [Thu Jan 25 11:40:30 CST 2018]; root of context hierarchy
[INFO] [2018-01-25 11:40:32][com.alibaba.druid.pool.DruidDataSource]{dataSource-1} closed
[INFO] [2018-01-25 11:42:51][org.springframework.test.context.support.DefaultTestContextBootstrapper]Loaded default TestExecutionListener class names from location [META-INF/spring.factories]: [org.springframework.test.context.web.ServletTestExecutionListener, org.springframework.test.context.support.DependencyInjectionTestExecutionListener, org.springframework.test.context.support.DirtiesContextTestExecutionListener, org.springframework.test.context.transaction.TransactionalTestExecutionListener, org.springframework.test.context.jdbc.SqlScriptsTestExecutionListener]
[INFO] [2018-01-25 11:42:51][org.springframework.test.context.support.DefaultTestContextBootstrapper]Using TestExecutionListeners: [org.springframework.test.context.web.ServletTestExecutionListener@53b32d7, org.springframework.test.context.support.DependencyInjectionTestExecutionListener@5442a311, org.springframework.test.context.support.DirtiesContextTestExecutionListener@548e7350, org.springframework.test.context.transaction.TransactionalTestExecutionListener@1a968a59, org.springframework.test.context.jdbc.SqlScriptsTestExecutionListener@4667ae56]
[INFO] [2018-01-25 11:42:51][org.springframework.beans.factory.xml.XmlBeanDefinitionReader]Loading XML bean definitions from class path resource [spring/spring-mybatis.xml]
[INFO] [2018-01-25 11:42:51][org.springframework.context.support.GenericApplicationContext]Refreshing org.springframework.context.support.GenericApplicationContext@544fe44c: startup date [Thu Jan 25 11:42:51 CST 2018]; root of context hierarchy
[INFO] [2018-01-25 11:42:51][org.springframework.beans.factory.config.PropertyPlaceholderConfigurer]Loading properties file from class path resource [jdbc.properties]
[INFO] [2018-01-25 11:42:51][org.springframework.beans.factory.config.PropertyPlaceholderConfigurer]Loading properties file from class path resource [dubbo.properties]
[INFO] [2018-01-25 11:42:51][org.springframework.beans.factory.annotation.AutowiredAnnotationBeanPostProcessor]JSR-330 'javax.inject.Inject' annotation found and supported for autowiring
[ERROR] [2018-01-25 11:42:51][com.alibaba.druid.pool.DruidAbstractDataSource]maxIdle is deprecated
[INFO] [2018-01-25 11:42:52][com.alibaba.druid.pool.DruidDataSource]{dataSource-1} inited
[INFO] [2018-01-25 11:42:52][org.springframework.context.support.GenericApplicationContext]Closing org.springframework.context.support.GenericApplicationContext@544fe44c: startup date [Thu Jan 25 11:42:51 CST 2018]; root of context hierarchy
[INFO] [2018-01-25 11:42:52][com.alibaba.druid.pool.DruidDataSource]{dataSource-1} closed
[INFO] [2018-01-25 11:53:11][org.springframework.test.context.support.DefaultTestContextBootstrapper]Loaded default TestExecutionListener class names from location [META-INF/spring.factories]: [org.springframework.test.context.web.ServletTestExecutionListener, org.springframework.test.context.support.DependencyInjectionTestExecutionListener, org.springframework.test.context.support.DirtiesContextTestExecutionListener, org.springframework.test.context.transaction.TransactionalTestExecutionListener, org.springframework.test.context.jdbc.SqlScriptsTestExecutionListener]
[INFO] [2018-01-25 11:53:11][org.springframework.test.context.support.DefaultTestContextBootstrapper]Using TestExecutionListeners: [org.springframework.test.context.web.ServletTestExecutionListener@53b32d7, org.springframework.test.context.support.DependencyInjectionTestExecutionListener@5442a311, org.springframework.test.context.support.DirtiesContextTestExecutionListener@548e7350, org.springframework.test.context.transaction.TransactionalTestExecutionListener@1a968a59, org.springframework.test.context.jdbc.SqlScriptsTestExecutionListener@4667ae56]
[INFO] [2018-01-25 11:53:11][org.springframework.beans.factory.xml.XmlBeanDefinitionReader]Loading XML bean definitions from class path resource [spring/spring-mybatis.xml]
[INFO] [2018-01-25 11:53:13][org.springframework.context.support.GenericApplicationContext]Refreshing org.springframework.context.support.GenericApplicationContext@544fe44c: startup date [Thu Jan 25 11:53:13 CST 2018]; root of context hierarchy
[INFO] [2018-01-25 11:53:13][org.springframework.beans.factory.config.PropertyPlaceholderConfigurer]Loading properties file from class path resource [jdbc.properties]
[INFO] [2018-01-25 11:53:13][org.springframework.beans.factory.config.PropertyPlaceholderConfigurer]Loading properties file from class path resource [dubbo.properties]
[INFO] [2018-01-25 11:53:13][org.springframework.beans.factory.annotation.AutowiredAnnotationBeanPostProcessor]JSR-330 'javax.inject.Inject' annotation found and supported for autowiring
[ERROR] [2018-01-25 11:53:14][com.alibaba.druid.pool.DruidAbstractDataSource]maxIdle is deprecated
[INFO] [2018-01-25 11:53:15][com.alibaba.druid.pool.DruidDataSource]{dataSource-1} inited
[INFO] [2018-01-25 11:53:15][org.springframework.context.support.GenericApplicationContext]Closing org.springframework.context.support.GenericApplicationContext@544fe44c: startup date [Thu Jan 25 11:53:13 CST 2018]; root of context hierarchy
[INFO] [2018-01-25 11:53:15][com.alibaba.druid.pool.DruidDataSource]{dataSource-1} closed
[INFO] [2018-01-25 11:54:44][org.springframework.test.context.support.DefaultTestContextBootstrapper]Loaded default TestExecutionListener class names from location [META-INF/spring.factories]: [org.springframework.test.context.web.ServletTestExecutionListener, org.springframework.test.context.support.DependencyInjectionTestExecutionListener, org.springframework.test.context.support.DirtiesContextTestExecutionListener, org.springframework.test.context.transaction.TransactionalTestExecutionListener, org.springframework.test.context.jdbc.SqlScriptsTestExecutionListener]
[INFO] [2018-01-25 11:54:44][org.springframework.test.context.support.DefaultTestContextBootstrapper]Using TestExecutionListeners: [org.springframework.test.context.web.ServletTestExecutionListener@53b32d7, org.springframework.test.context.support.DependencyInjectionTestExecutionListener@5442a311, org.springframework.test.context.support.DirtiesContextTestExecutionListener@548e7350, org.springframework.test.context.transaction.TransactionalTestExecutionListener@1a968a59, org.springframework.test.context.jdbc.SqlScriptsTestExecutionListener@4667ae56]
[INFO] [2018-01-25 11:54:44][org.springframework.beans.factory.xml.XmlBeanDefinitionReader]Loading XML bean definitions from class path resource [spring/spring-mybatis.xml]
[INFO] [2018-01-25 11:54:44][org.springframework.context.support.GenericApplicationContext]Refreshing org.springframework.context.support.GenericApplicationContext@544fe44c: startup date [Thu Jan 25 11:54:44 CST 2018]; root of context hierarchy
[INFO] [2018-01-25 11:54:44][org.springframework.beans.factory.config.PropertyPlaceholderConfigurer]Loading properties file from class path resource [jdbc.properties]
[INFO] [2018-01-25 11:54:44][org.springframework.beans.factory.config.PropertyPlaceholderConfigurer]Loading properties file from class path resource [dubbo.properties]
[INFO] [2018-01-25 11:54:44][org.springframework.beans.factory.annotation.AutowiredAnnotationBeanPostProcessor]JSR-330 'javax.inject.Inject' annotation found and supported for autowiring
[ERROR] [2018-01-25 11:54:44][com.alibaba.druid.pool.DruidAbstractDataSource]maxIdle is deprecated
[INFO] [2018-01-25 11:54:45][com.alibaba.druid.pool.DruidDataSource]{dataSource-1} inited
[INFO] [2018-01-25 11:54:46][org.springframework.context.support.GenericApplicationContext]Closing org.springframework.context.support.GenericApplicationContext@544fe44c: startup date [Thu Jan 25 11:54:44 CST 2018]; root of context hierarchy
[INFO] [2018-01-25 11:54:46][com.alibaba.druid.pool.DruidDataSource]{dataSource-1} closed
[INFO] [2018-01-25 12:00:40][org.springframework.test.context.support.DefaultTestContextBootstrapper]Loaded default TestExecutionListener class names from location [META-INF/spring.factories]: [org.springframework.test.context.web.ServletTestExecutionListener, org.springframework.test.context.support.DependencyInjectionTestExecutionListener, org.springframework.test.context.support.DirtiesContextTestExecutionListener, org.springframework.test.context.transaction.TransactionalTestExecutionListener, org.springframework.test.context.jdbc.SqlScriptsTestExecutionListener]
[INFO] [2018-01-25 12:00:40][org.springframework.test.context.support.DefaultTestContextBootstrapper]Using TestExecutionListeners: [org.springframework.test.context.web.ServletTestExecutionListener@53b32d7, org.springframework.test.context.support.DependencyInjectionTestExecutionListener@5442a311, org.springframework.test.context.support.DirtiesContextTestExecutionListener@548e7350, org.springframework.test.context.transaction.TransactionalTestExecutionListener@1a968a59, org.springframework.test.context.jdbc.SqlScriptsTestExecutionListener@4667ae56]
[INFO] [2018-01-25 12:00:40][org.springframework.beans.factory.xml.XmlBeanDefinitionReader]Loading XML bean definitions from class path resource [spring/spring-mybatis.xml]
[INFO] [2018-01-25 12:00:40][org.springframework.context.support.GenericApplicationContext]Refreshing org.springframework.context.support.GenericApplicationContext@544fe44c: startup date [Thu Jan 25 12:00:40 CST 2018]; root of context hierarchy
[INFO] [2018-01-25 12:00:40][org.springframework.beans.factory.config.PropertyPlaceholderConfigurer]Loading properties file from class path resource [jdbc.properties]
[INFO] [2018-01-25 12:00:40][org.springframework.beans.factory.config.PropertyPlaceholderConfigurer]Loading properties file from class path resource [dubbo.properties]
[INFO] [2018-01-25 12:00:40][org.springframework.beans.factory.annotation.AutowiredAnnotationBeanPostProcessor]JSR-330 'javax.inject.Inject' annotation found and supported for autowiring
[ERROR] [2018-01-25 12:00:40][com.alibaba.druid.pool.DruidAbstractDataSource]maxIdle is deprecated
[INFO] [2018-01-25 12:00:40][com.alibaba.druid.pool.DruidDataSource]{dataSource-1} inited
[INFO] [2018-01-25 12:00:42][org.springframework.context.support.GenericApplicationContext]Closing org.springframework.context.support.GenericApplicationContext@544fe44c: startup date [Thu Jan 25 12:00:40 CST 2018]; root of context hierarchy
[INFO] [2018-01-25 12:00:42][com.alibaba.druid.pool.DruidDataSource]{dataSource-1} closed
